<?xml version="1.0" encoding="UTF-8" ?>
<testsuites>
  <testsuite errors="3" failures="0" hostname="DESKTOP3PGGT6E" id="0" name="MylangTest1" package="main" skipped="0" tests="3" time="0.077" timestamp="2019-10-29T12:13:03">
      <properties>
[...]
</properties>

      <testcase classname="main.MylangTest1" name="initializationError" time="0.0">
          <error message="The class main.MylangTest1 is not public." type="java.lang.Exception">java.lang.Exception: The class main.MylangTest1 is not public.
	at java.lang.reflect.Constructor.newInstance(Unknown Source)
</error>

          <error message="Test class should have exactly one public constructor" type="java.lang.Exception">java.lang.Exception: Test class should have exactly one public constructor
	at java.lang.reflect.Constructor.newInstance(Unknown Source)
</error>

          <error message="No runnable methods" type="java.lang.Exception">java.lang.Exception: No runnable methods
	at java.lang.reflect.Constructor.newInstance(Unknown Source)
</error>

      </testcase>

      <system-out><![CDATA[]]></system-out>

      <system-err><![CDATA[]]></system-err>

  </testsuite>
</testsuites>
